#
# A fatal error has been detected by the Java Runtime Environment:
#
#  SIGSEGV (0xb) at pc=0x000000010ad431be, pid=14334, tid=18179
#
# JRE version: Java(TM) SE Runtime Environment (8.0_05-b13) (build 1.8.0_05-b13)
# Java VM: Java HotSpot(TM) 64-Bit Server VM (25.5-b02 mixed mode bsd-amd64 compressed oops)
# Problematic frame:
# V  [libjvm.dylib+0x1431be]
#
# Failed to write core dump. Core dumps have been disabled. To enable core dumping, try "ulimit -c unlimited" before starting Java again
#
# If you would like to submit a bug report, please visit:
#   http://bugreport.sun.com/bugreport/crash.jsp
#

---------------  T H R E A D  ---------------

Current thread (0x00007fe314819000):  JavaThread "C1 CompilerThread2" daemon [_thread_in_native, id=18179, stack(0x0000700000d41000,0x0000700000e41000)]

siginfo:si_signo=SIGSEGV: si_errno=0, si_code=1 (SEGV_MAPERR), si_addr=0x0000000000000018

Registers:
RAX=0x00007fe3154c3ca0, RBX=0x0000000000000003, RCX=0x0000000000000002, RDX=0x0000000000000000
RSP=0x0000700000e3ffb0, RBP=0x0000700000e3ffd0, RSI=0x0000000000000000, RDI=0x00007fe3154c3e30
R8 =0x00007fe316145a50, R9 =0x000000000000015f, R10=0x0000000000000001, R11=0x00007fe316b51610
R12=0x00007fe3154c3e30, R13=0x00007fe316b51530, R14=0x00007fe3154c3c00, R15=0x0000000000000001
RIP=0x000000010ad431be, EFLAGS=0x0000000000010297, ERR=0x0000000000000004
  TRAPNO=0x000000000000000e

Top of Stack: (sp=0x0000700000e3ffb0)
0x0000700000e3ffb0:   0000700000e402d0 00007fe312f0e500
0x0000700000e3ffc0:   0000000000000000 0000000000000001
0x0000700000e3ffd0:   0000700000e40070 000000010ace8c92
0x0000700000e3ffe0:   0000700000e40040 000000010ace0756
0x0000700000e3fff0:   00007fe316b513a0 00007fe3158718d0
0x0000700000e40000:   0000000100000000 00007fe3158718d0
0x0000700000e40010:   00007fe3154c3d70 00007fe3158718d0
0x0000700000e40020:   0000000000000000 000000b6154c3cd0
0x0000700000e40030:   00007fe316c91d20 00007fe316c91e00
0x0000700000e40040:   0100700000e40070 000000010b458f90
0x0000700000e40050:   00007fe316b4eda0 00007fe316b51530
0x0000700000e40060:   0000700000e402d0 00000000000000b6
0x0000700000e40070:   0000700000e40100 000000010aceb2b3
0x0000700000e40080:   00007fe3154c3ca0 0000000000000000
0x0000700000e40090:   00007fe315871810 00007fe3158718d0
0x0000700000e400a0:   00007fe315872be8 0000000000000000
0x0000700000e400b0:   00007fe3154c3c00 00007fe315872ba0
0x0000700000e400c0:   00007fe315872c01 00007fe315872beb
0x0000700000e400d0:   000000b6000000b6 0000700000e402d0
0x0000700000e400e0:   00007fe316b4eda0 00007fe316b51530
0x0000700000e400f0:   ffffffffffffff00 00007fe316b501c0
0x0000700000e40100:   0000700000e40130 000000010ace7b8f
0x0000700000e40110:   0000700000e40130 00007fe316b4e7f0
0x0000700000e40120:   ffffffffffffffff 0000700000e402d0
0x0000700000e40130:   0000700000e402b0 000000010acec071
0x0000700000e40140:   0000000000000000 0000000000000000
0x0000700000e40150:   0000700000e40888 000000000000001a
0x0000700000e40160:   0000000000000000 00000001919be9c0
0x0000700000e40170:   0000700000e405a0 0000000000000000
0x0000700000e40180:   0000000000000000 000000000beb1a90
0x0000700000e40190:   0000700000e401a0 000000010adcb0b1
0x0000700000e401a0:   0000700000e401c0 0000000000000002 

Instructions: (pc=0x000000010ad431be)
0x000000010ad4319e:   08 41 c7 04 24 00 00 00 00 41 29 df 45 3b 7e 30
0x000000010ad431ae:   7d 23 44 89 fb 48 63 db 49 8b 46 38 48 8b 34 d8
0x000000010ad431be:   48 8b 46 18 03 58 08 4c 89 e7 e8 c7 b4 fa ff 41
0x000000010ad431ce:   3b 5e 30 7c e0 45 89 7e 30 4c 89 e0 5b 41 5c 41 

Register to memory mapping:

RAX=0x00007fe3154c3ca0 is an unknown value
RBX=0x0000000000000003 is an unknown value
RCX=0x0000000000000002 is an unknown value
RDX=0x0000000000000000 is an unknown value
RSP=0x0000700000e3ffb0 is pointing into the stack for thread: 0x00007fe314819000
RBP=0x0000700000e3ffd0 is pointing into the stack for thread: 0x00007fe314819000
RSI=0x0000000000000000 is an unknown value
RDI=0x00007fe3154c3e30 is an unknown value
R8 =0x00007fe316145a50 is an unknown value
R9 =0x000000000000015f is an unknown value
R10=0x0000000000000001 is an unknown value
R11=0x00007fe316b51610 is an unknown value
R12=0x00007fe3154c3e30 is an unknown value
R13=0x00007fe316b51530 is an unknown value
R14=0x00007fe3154c3c00 is an unknown value
R15=0x0000000000000001 is an unknown value


Stack: [0x0000700000d41000,0x0000700000e41000],  sp=0x0000700000e3ffb0,  free space=1019k
Native frames: (J=compiled Java code, j=interpreted, Vv=VM code, C=native code)
V  [libjvm.dylib+0x1431be]
V  [libjvm.dylib+0xe8c92]
V  [libjvm.dylib+0xeb2b3]
V  [libjvm.dylib+0xe7b8f]
V  [libjvm.dylib+0xec071]
V  [libjvm.dylib+0xf1662]
V  [libjvm.dylib+0xf1713]
V  [libjvm.dylib+0xdc8ff]
V  [libjvm.dylib+0xdca8e]
V  [libjvm.dylib+0xdccb7]
V  [libjvm.dylib+0xdcebe]
V  [libjvm.dylib+0xdd6c6]
V  [libjvm.dylib+0x1a431c]
V  [libjvm.dylib+0x1a642b]
V  [libjvm.dylib+0x51ccf5]
V  [libjvm.dylib+0x51e432]
V  [libjvm.dylib+0x445426]
C  [libsystem_pthread.dylib+0x39b1]  _pthread_body+0x83
C  [libsystem_pthread.dylib+0x392e]  _pthread_body+0x0
C  [libsystem_pthread.dylib+0x1385]  thread_start+0xd


Current CompileTask:
C1:  45379  930   !   3       java.awt.Component::setFont (97 bytes)


---------------  P R O C E S S  ---------------

Java Threads: ( => current thread )
  0x00007fe316c10800 JavaThread "AWT-EventQueue-0" [_thread_blocked, id=54019, stack(0x00007000015df000,0x00007000016df000)]
  0x00007fe315869000 JavaThread "Java2D Disposer" daemon [_thread_blocked, id=53507, stack(0x00007000014dc000,0x00007000015dc000)]
  0x00007fe316b9d000 JavaThread "Java2D Queue Flusher" daemon [_thread_blocked, id=49427, stack(0x00007000013d9000,0x00007000014d9000)]
  0x00007fe31587c800 JavaThread "AWT-Shutdown" [_thread_blocked, id=28451, stack(0x0000700001253000,0x0000700001353000)]
  0x00007fe316847800 JavaThread "AppKit Thread" daemon [_thread_in_native, id=2571, stack(0x00007fff553cc000,0x00007fff55bcc000)]
  0x00007fe31307f000 JavaThread "Monitor Ctrl-Break" daemon [_thread_in_native, id=19715, stack(0x000070000104a000,0x000070000114a000)]
  0x00007fe31481a000 JavaThread "Service Thread" daemon [_thread_blocked, id=18691, stack(0x0000700000e44000,0x0000700000f44000)]
=>0x00007fe314819000 JavaThread "C1 CompilerThread2" daemon [_thread_in_native, id=18179, stack(0x0000700000d41000,0x0000700000e41000)]
  0x00007fe314818800 JavaThread "C2 CompilerThread1" daemon [_thread_blocked, id=17667, stack(0x0000700000c3e000,0x0000700000d3e000)]
  0x00007fe31401c000 JavaThread "C2 CompilerThread0" daemon [_thread_blocked, id=17155, stack(0x0000700000b3b000,0x0000700000c3b000)]
  0x00007fe313815000 JavaThread "Signal Dispatcher" daemon [_thread_blocked, id=12815, stack(0x0000700000a38000,0x0000700000b38000)]
  0x00007fe313041000 JavaThread "Finalizer" daemon [_thread_blocked, id=12291, stack(0x000070000082f000,0x000070000092f000)]
  0x00007fe313040800 JavaThread "Reference Handler" daemon [_thread_blocked, id=11779, stack(0x000070000072c000,0x000070000082c000)]
  0x00007fe313005000 JavaThread "main" [_thread_in_native, id=5891, stack(0x000070000011a000,0x000070000021a000)]

Other Threads:
  0x00007fe314804000 VMThread [stack: 0x0000700000629000,0x0000700000729000] [id=11267]
  0x00007fe31401d000 WatcherThread [stack: 0x0000700000f47000,0x0000700001047000] [id=19203]

VM state:not at safepoint (normal execution)

VM Mutex/Monitor currently owned by a thread: None

Heap:
 PSYoungGen      total 1092608K, used 1066501K [0x000000076ab00000, 0x00000007c0000000, 0x00000007c0000000)
  eden space 826368K, 96% used [0x000000076ab00000,0x000000079b8c3648,0x000000079d200000)
  from space 266240K, 99% used [0x000000079d200000,0x00000007ad5be1a8,0x00000007ad600000)
  to   space 305152K, 0% used [0x00000007ad600000,0x00000007ad600000,0x00000007c0000000)
 ParOldGen       total 617472K, used 557792K [0x00000006c0000000, 0x00000006e5b00000, 0x000000076ab00000)
  object space 617472K, 90% used [0x00000006c0000000,0x00000006e20b8188,0x00000006e5b00000)
 Metaspace       used 10553K, capacity 10708K, committed 10880K, reserved 1058816K
  class space    used 1362K, capacity 1403K, committed 1408K, reserved 1048576K

Card table byte_map: [0x000000011ae80000,0x000000011b681000] byte_map_base: 0x0000000117880000

Marking Bits: (ParMarkBitMap*) 0x000000010b4660a0
 Begin Bits: [0x000000011bbd7000, 0x000000011fbd7000)
 End Bits:   [0x000000011fbd7000, 0x0000000123bd7000)

Polling page: 0x000000010a2f5000

CodeCache: size=245760Kb used=4042Kb max_used=4053Kb free=241717Kb
 bounds [0x000000010bac0000, 0x000000010bec0000, 0x000000011aac0000]
 total_blobs=1402 nmethods=927 adapters=391
 compilation: enabled

Compilation events (10 events):
Event: 45.363 Thread 0x00007fe314819000  927       3       javax.swing.JComponent::setBackground (42 bytes)
Event: 45.364 Thread 0x00007fe314819000 nmethod 927 0x000000010beb0510 code [0x000000010beb0740, 0x000000010beb1448]
Event: 45.364 Thread 0x00007fe314819000  933       3       javax.swing.DefaultListCellRenderer::repaint (1 bytes)
Event: 45.364 Thread 0x00007fe314819000 nmethod 933 0x000000010beb1790 code [0x000000010beb18e0, 0x000000010beb1a30]
Event: 45.364 Thread 0x00007fe314819000  928       3       javax.swing.JComponent::setForeground (42 bytes)
Event: 45.365 Thread 0x00007fe314819000 nmethod 928 0x000000010beb1a90 code [0x000000010beb1cc0, 0x000000010beb2a88]
Event: 45.365 Thread 0x00007fe314819000  930   !   3       java.awt.Component::setFont (97 bytes)
Event: 45.365 Thread 0x00007fe31401c000  948       4       java.awt.Component::getFont (5 bytes)
Event: 45.366 Thread 0x00007fe314818800 nmethod 939 0x000000010beb5ed0 code [0x000000010beb6040, 0x000000010beb6498]
Event: 45.366 Thread 0x00007fe31401c000 nmethod 948 0x000000010beb3010 code [0x000000010beb3140, 0x000000010beb31b8]

GC Heap History (10 events):
Event: 36.502 GC heap before
{Heap before GC invocations=59 (full 7):
 PSYoungGen      total 1025024K, used 1021152K [0x000000076ab00000, 0x00000007b9800000, 0x00000007c0000000)
  eden space 859136K, 100% used [0x000000076ab00000,0x000000079f200000,0x000000079f200000)
  from space 165888K, 97% used [0x000000079f200000,0x00000007a9038000,0x00000007a9400000)
  to   space 192000K, 0% used [0x00000007adc80000,0x00000007adc80000,0x00000007b9800000)
 ParOldGen       total 558080K, used 505474K [0x00000006c0000000, 0x00000006e2100000, 0x000000076ab00000)
  object space 558080K, 90% used [0x00000006c0000000,0x00000006deda0940,0x00000006e2100000)
 Metaspace       used 3762K, capacity 5016K, committed 5120K, reserved 1056768K
  class space    used 413K, capacity 456K, committed 512K, reserved 1048576K
Event: 36.781 GC heap after
Heap after GC invocations=59 (full 7):
 PSYoungGen      total 1064448K, used 191984K [0x000000076ab00000, 0x00000007be000000, 0x00000007c0000000)
  eden space 872448K, 0% used [0x000000076ab00000,0x000000076ab00000,0x000000079ff00000)
  from space 192000K, 99% used [0x00000007adc80000,0x00000007b97fc120,0x00000007b9800000)
  to   space 226816K, 0% used [0x000000079ff00000,0x000000079ff00000,0x00000007adc80000)
 ParOldGen       total 558080K, used 514586K [0x00000006c0000000, 0x00000006e2100000, 0x000000076ab00000)
  object space 558080K, 92% used [0x00000006c0000000,0x00000006df686940,0x00000006e2100000)
 Metaspace       used 3762K, capacity 5016K, committed 5120K, reserved 1056768K
  class space    used 413K, capacity 456K, committed 512K, reserved 1048576K
}
Event: 37.971 GC heap before
{Heap before GC invocations=60 (full 7):
 PSYoungGen      total 1064448K, used 1064432K [0x000000076ab00000, 0x00000007be000000, 0x00000007c0000000)
  eden space 872448K, 100% used [0x000000076ab00000,0x000000079ff00000,0x000000079ff00000)
  from space 192000K, 99% used [0x00000007adc80000,0x00000007b97fc120,0x00000007b9800000)
  to   space 226816K, 0% used [0x000000079ff00000,0x000000079ff00000,0x00000007adc80000)
 ParOldGen       total 558080K, used 514586K [0x00000006c0000000, 0x00000006e2100000, 0x000000076ab00000)
  object space 558080K, 92% used [0x00000006c0000000,0x00000006df686940,0x00000006e2100000)
 Metaspace       used 3762K, capacity 5016K, committed 5120K, reserved 1056768K
  class space    used 413K, capacity 456K, committed 512K, reserved 1048576K
Event: 38.241 GC heap after
Heap after GC invocations=60 (full 7):
 PSYoungGen      total 1099264K, used 194112K [0x000000076ab00000, 0x00000007c0000000, 0x00000007c0000000)
  eden space 872448K, 0% used [0x000000076ab00000,0x000000076ab00000,0x000000079ff00000)
  from space 226816K, 85% used [0x000000079ff00000,0x00000007abc90000,0x00000007adc80000)
  to   space 252928K, 0% used [0x00000007b0900000,0x00000007b0900000,0x00000007c0000000)
 ParOldGen       total 558080K, used 552426K [0x00000006c0000000, 0x00000006e2100000, 0x000000076ab00000)
  object space 558080K, 98% used [0x00000006c0000000,0x00000006e1b7a940,0x00000006e2100000)
 Metaspace       used 3762K, capacity 5016K, committed 5120K, reserved 1056768K
  class space    used 413K, capacity 456K, committed 512K, reserved 1048576K
}
Event: 38.241 GC heap before
{Heap before GC invocations=61 (full 8):
 PSYoungGen      total 1099264K, used 194112K [0x000000076ab00000, 0x00000007c0000000, 0x00000007c0000000)
  eden space 872448K, 0% used [0x000000076ab00000,0x000000076ab00000,0x000000079ff00000)
  from space 226816K, 85% used [0x000000079ff00000,0x00000007abc90000,0x00000007adc80000)
  to   space 252928K, 0% used [0x00000007b0900000,0x00000007b0900000,0x00000007c0000000)
 ParOldGen       total 558080K, used 552426K [0x00000006c0000000, 0x00000006e2100000, 0x000000076ab00000)
  object space 558080K, 98% used [0x00000006c0000000,0x00000006e1b7a940,0x00000006e2100000)
 Metaspace       used 3762K, capacity 5016K, committed 5120K, reserved 1056768K
  class space    used 413K, capacity 456K, committed 512K, reserved 1048576K
Event: 39.959 GC heap after
Heap after GC invocations=61 (full 8):
 PSYoungGen      total 1099264K, used 188184K [0x000000076ab00000, 0x00000007c0000000, 0x00000007c0000000)
  eden space 872448K, 0% used [0x000000076ab00000,0x000000076ab00000,0x000000079ff00000)
  from space 226816K, 82% used [0x000000079ff00000,0x00000007ab6c6228,0x00000007adc80000)
  to   space 252928K, 0% used [0x00000007b0900000,0x00000007b0900000,0x00000007c0000000)
 ParOldGen       total 617472K, used 557792K [0x00000006c0000000, 0x00000006e5b00000, 0x000000076ab00000)
  object space 617472K, 90% used [0x00000006c0000000,0x00000006e20b8188,0x00000006e5b00000)
 Metaspace       used 3762K, capacity 5016K, committed 5120K, reserved 1056768K
  class space    used 413K, capacity 456K, committed 512K, reserved 1048576K
}
Event: 41.116 GC heap before
{Heap before GC invocations=62 (full 8):
 PSYoungGen      total 1099264K, used 1060632K [0x000000076ab00000, 0x00000007c0000000, 0x00000007c0000000)
  eden space 872448K, 100% used [0x000000076ab00000,0x000000079ff00000,0x000000079ff00000)
  from space 226816K, 82% used [0x000000079ff00000,0x00000007ab6c6228,0x00000007adc80000)
  to   space 252928K, 0% used [0x00000007b0900000,0x00000007b0900000,0x00000007c0000000)
 ParOldGen       total 617472K, used 557792K [0x00000006c0000000, 0x00000006e5b00000, 0x000000076ab00000)
  object space 617472K, 90% used [0x00000006c0000000,0x00000006e20b8188,0x00000006e5b00000)
 Metaspace       used 3762K, capacity 5016K, committed 5120K, reserved 1056768K
  class space    used 413K, capacity 456K, committed 512K, reserved 1048576K
Event: 41.508 GC heap after
Heap after GC invocations=62 (full 8):
 PSYoungGen      total 1079296K, used 228320K [0x000000076ab00000, 0x00000007c0000000, 0x00000007c0000000)
  eden space 826368K, 0% used [0x000000076ab00000,0x000000076ab00000,0x000000079d200000)
  from space 252928K, 90% used [0x00000007b0900000,0x00000007be7f8000,0x00000007c0000000)
  to   space 285696K, 0% used [0x000000079d200000,0x000000079d200000,0x00000007ae900000)
 ParOldGen       total 617472K, used 557792K [0x00000006c0000000, 0x00000006e5b00000, 0x000000076ab00000)
  object space 617472K, 90% used [0x00000006c0000000,0x00000006e20b8188,0x00000006e5b00000)
 Metaspace       used 3762K, capacity 5016K, committed 5120K, reserved 1056768K
  class space    used 413K, capacity 456K, committed 512K, reserved 1048576K
}
Event: 42.658 GC heap before
{Heap before GC invocations=63 (full 8):
 PSYoungGen      total 1079296K, used 1054688K [0x000000076ab00000, 0x00000007c0000000, 0x00000007c0000000)
  eden space 826368K, 100% used [0x000000076ab00000,0x000000079d200000,0x000000079d200000)
  from space 252928K, 90% used [0x00000007b0900000,0x00000007be7f8000,0x00000007c0000000)
  to   space 285696K, 0% used [0x000000079d200000,0x000000079d200000,0x00000007ae900000)
 ParOldGen       total 617472K, used 557792K [0x00000006c0000000, 0x00000006e5b00000, 0x000000076ab00000)
  object space 617472K, 90% used [0x00000006c0000000,0x00000006e20b8188,0x00000006e5b00000)
 Metaspace       used 3762K, capacity 5016K, committed 5120K, reserved 1056768K
  class space    used 413K, capacity 456K, committed 512K, reserved 1048576K
Event: 42.975 GC heap after
Heap after GC invocations=63 (full 8):
 PSYoungGen      total 1092608K, used 265976K [0x000000076ab00000, 0x00000007c0000000, 0x00000007c0000000)
  eden space 826368K, 0% used [0x000000076ab00000,0x000000076ab00000,0x000000079d200000)
  from space 266240K, 99% used [0x000000079d200000,0x00000007ad5be1a8,0x00000007ad600000)
  to   space 305152K, 0% used [0x00000007ad600000,0x00000007ad600000,0x00000007c0000000)
 ParOldGen       total 617472K, used 557792K [0x00000006c0000000, 0x00000006e5b00000, 0x000000076ab00000)
  object space 617472K, 90% used [0x00000006c0000000,0x00000006e20b8188,0x00000006e5b00000)
 Metaspace       used 3762K, capacity 5016K, committed 5120K, reserved 1056768K
  class space    used 413K, capacity 456K, committed 512K, reserved 1048576K
}

Deoptimization events (10 events):
Event: 44.471 Thread 0x00007fe313005000 Uncommon trap: reason=unreached action=reinterpret pc=0x000000010bc77b28 method=java.util.HashMap.hash(Ljava/lang/Object;)I @ 1
Event: 44.475 Thread 0x00007fe313005000 Uncommon trap: reason=unreached action=reinterpret pc=0x000000010bd45398 method=java.util.HashMap.keySet()Ljava/util/Set; @ 6
Event: 44.538 Thread 0x00007fe313005000 Uncommon trap: reason=bimorphic action=maybe_recompile pc=0x000000010bcb4f0c method=java.util.ArrayList.indexOf(Ljava/lang/Object;)I @ 51
Event: 44.538 Thread 0x00007fe313005000 Uncommon trap: reason=bimorphic action=maybe_recompile pc=0x000000010bcb4f0c method=java.util.ArrayList.indexOf(Ljava/lang/Object;)I @ 51
Event: 44.538 Thread 0x00007fe313005000 Uncommon trap: reason=bimorphic action=maybe_recompile pc=0x000000010bcb4f0c method=java.util.ArrayList.indexOf(Ljava/lang/Object;)I @ 51
Event: 44.538 Thread 0x00007fe313005000 Uncommon trap: reason=bimorphic action=maybe_recompile pc=0x000000010bcb4f0c method=java.util.ArrayList.indexOf(Ljava/lang/Object;)I @ 51
Event: 45.322 Thread 0x00007fe313005000 Uncommon trap: reason=class_check action=maybe_recompile pc=0x000000010bc3c94c method=java.lang.String.equals(Ljava/lang/Object;)Z @ 8
Event: 45.322 Thread 0x00007fe313005000 Uncommon trap: reason=class_check action=maybe_recompile pc=0x000000010bc3c94c method=java.lang.String.equals(Ljava/lang/Object;)Z @ 8
Event: 45.322 Thread 0x00007fe313005000 Uncommon trap: reason=class_check action=maybe_recompile pc=0x000000010bc3c94c method=java.lang.String.equals(Ljava/lang/Object;)Z @ 8
Event: 45.322 Thread 0x00007fe313005000 Uncommon trap: reason=class_check action=maybe_recompile pc=0x000000010bc3c94c method=java.lang.String.equals(Ljava/lang/Object;)Z @ 8

Internal exceptions (10 events):
Event: 44.457 Thread 0x00007fe313005000 Exception <a 'java/security/PrivilegedActionException'> (0x0000000798176920) thrown at [/HUDSON/workspace/8-2-build-macosx-x86_64/jdk8u5/2488/hotspot/src/share/vm/prims/jvm.cpp, line 1248]
Event: 44.458 Thread 0x00007fe313005000 Exception <a 'java/security/PrivilegedActionException'> (0x0000000798182838) thrown at [/HUDSON/workspace/8-2-build-macosx-x86_64/jdk8u5/2488/hotspot/src/share/vm/prims/jvm.cpp, line 1248]
Event: 44.458 Thread 0x00007fe313005000 Exception <a 'java/security/PrivilegedActionException'> (0x00000007981866d0) thrown at [/HUDSON/workspace/8-2-build-macosx-x86_64/jdk8u5/2488/hotspot/src/share/vm/prims/jvm.cpp, line 1248]
Event: 44.467 Thread 0x00007fe313005000 Implicit null exception at 0x000000010bddb1f5 to 0x000000010bddb559
Event: 44.467 Thread 0x00007fe313005000 Implicit null exception at 0x000000010bddbaf5 to 0x000000010bddbe5d
Event: 44.469 Thread 0x00007fe313005000 Implicit null exception at 0x000000010bd46055 to 0x000000010bd46235
Event: 44.469 Thread 0x00007fe313005000 Implicit null exception at 0x000000010bdf0e3b to 0x000000010bdf1845
Event: 44.471 Thread 0x00007fe313005000 Implicit null exception at 0x000000010bc77aaf to 0x000000010bc77b19
Event: 44.483 Thread 0x00007fe313005000 Exception <a 'java/security/PrivilegedActionException'> (0x0000000798274648) thrown at [/HUDSON/workspace/8-2-build-macosx-x86_64/jdk8u5/2488/hotspot/src/share/vm/prims/jvm.cpp, line 1248]
Event: 44.489 Thread 0x00007fe313005000 Exception <a 'java/security/PrivilegedActionException'> (0x0000000798282168) thrown at [/HUDSON/workspace/8-2-build-macosx-x86_64/jdk8u5/2488/hotspot/src/share/vm/prims/jvm.cpp, line 1248]

Events (10 events):
Event: 45.322 Thread 0x00007fe313005000 DEOPT PACKING pc=0x000000010bc3c94c sp=0x0000700000217ca0
Event: 45.322 Thread 0x00007fe313005000 DEOPT UNPACKING pc=0x000000010bb07250 sp=0x0000700000217c50 mode 2
Event: 45.322 loading class javax/swing/JLayer
Event: 45.323 loading class javax/swing/JLayer done
Event: 45.323 loading class sun/swing/JLightweightFrame
Event: 45.323 loading class sun/awt/LightweightFrame
Event: 45.323 loading class sun/awt/LightweightFrame done
Event: 45.323 loading class sun/swing/JLightweightFrame done
Event: 45.325 loading class sun/java2d/loops/GraphicsPrimitiveMgr$PrimitiveSpec
Event: 45.326 loading class sun/java2d/loops/GraphicsPrimitiveMgr$PrimitiveSpec done


Dynamic libraries:
0x000000000a42c000 	/System/Library/Frameworks/Cocoa.framework/Versions/A/Cocoa
0x000000000a42c000 	/System/Library/Frameworks/Security.framework/Versions/A/Security
0x000000000a42c000 	/System/Library/Frameworks/ApplicationServices.framework/Versions/A/ApplicationServices
0x000000000a42c000 	/usr/lib/libz.1.dylib
0x000000000a42c000 	/usr/lib/libSystem.B.dylib
0x000000000a42c000 	/usr/lib/libobjc.A.dylib
0x000000000a42c000 	/System/Library/Frameworks/CoreFoundation.framework/Versions/A/CoreFoundation
0x000000000a42c000 	/System/Library/Frameworks/Foundation.framework/Versions/C/Foundation
0x000000000a42c000 	/System/Library/Frameworks/AppKit.framework/Versions/C/AppKit
0x000000000a42c000 	/System/Library/Frameworks/CoreData.framework/Versions/A/CoreData
0x000000000a42c000 	/System/Library/PrivateFrameworks/RemoteViewServices.framework/Versions/A/RemoteViewServices
0x000000000a42c000 	/System/Library/PrivateFrameworks/UIFoundation.framework/Versions/A/UIFoundation
0x000000000a42c000 	/usr/lib/libScreenReader.dylib
0x000000000a42c000 	/System/Library/Frameworks/Accelerate.framework/Versions/A/Accelerate
0x000000000a42c000 	/System/Library/Frameworks/IOSurface.framework/Versions/A/IOSurface
0x000000000a42c000 	/System/Library/Frameworks/AudioToolbox.framework/Versions/A/AudioToolbox
0x000000000a42c000 	/System/Library/Frameworks/AudioUnit.framework/Versions/A/AudioUnit
0x000000000a42c000 	/System/Library/PrivateFrameworks/DataDetectorsCore.framework/Versions/A/DataDetectorsCore
0x000000000a42c000 	/System/Library/PrivateFrameworks/DesktopServicesPriv.framework/Versions/A/DesktopServicesPriv
0x000000000a42c000 	/System/Library/Frameworks/Carbon.framework/Versions/A/Frameworks/HIToolbox.framework/Versions/A/HIToolbox
0x000000000a42c000 	/System/Library/Frameworks/QuartzCore.framework/Versions/A/QuartzCore
0x000000000a42c000 	/System/Library/Frameworks/Carbon.framework/Versions/A/Frameworks/SpeechRecognition.framework/Versions/A/SpeechRecognition
0x000000000a42c000 	/usr/lib/libauto.dylib
0x000000000a42c000 	/usr/lib/libicucore.A.dylib
0x000000000a42c000 	/usr/lib/libxml2.2.dylib
0x000000000a42c000 	/System/Library/PrivateFrameworks/CoreUI.framework/Versions/A/CoreUI
0x000000000a42c000 	/System/Library/Frameworks/CoreAudio.framework/Versions/A/CoreAudio
0x000000000a42c000 	/System/Library/Frameworks/DiskArbitration.framework/Versions/A/DiskArbitration
0x000000000a42c000 	/usr/lib/liblangid.dylib
0x000000000a42c000 	/System/Library/PrivateFrameworks/MultitouchSupport.framework/Versions/A/MultitouchSupport
0x000000000a42c000 	/System/Library/Frameworks/IOKit.framework/Versions/A/IOKit
0x000000000a42c000 	/usr/lib/libDiagnosticMessagesClient.dylib
0x000000000a42c000 	/System/Library/Frameworks/CoreServices.framework/Versions/A/CoreServices
0x000000000a42c000 	/System/Library/PrivateFrameworks/PerformanceAnalysis.framework/Versions/A/PerformanceAnalysis
0x000000000a42c000 	/System/Library/PrivateFrameworks/GenerationalStorage.framework/Versions/A/GenerationalStorage
0x000000000a42c000 	/System/Library/Frameworks/OpenGL.framework/Versions/A/OpenGL
0x000000000a42c000 	/System/Library/PrivateFrameworks/Sharing.framework/Versions/A/Sharing
0x000000000a42c000 	/System/Library/Frameworks/CoreGraphics.framework/Versions/A/CoreGraphics
0x000000000a42c000 	/System/Library/Frameworks/CoreImage.framework/Versions/A/CoreImage
0x000000000a42c000 	/System/Library/Frameworks/CoreText.framework/Versions/A/CoreText
0x000000000a42c000 	/System/Library/Frameworks/ImageIO.framework/Versions/A/ImageIO
0x000000000a42c000 	/System/Library/PrivateFrameworks/Backup.framework/Versions/A/Backup
0x000000000a42c000 	/usr/lib/libextension.dylib
0x000000000a42c000 	/usr/lib/libarchive.2.dylib
0x000000000a42c000 	/System/Library/Frameworks/CFNetwork.framework/Versions/A/CFNetwork
0x000000000a42c000 	/System/Library/Frameworks/SystemConfiguration.framework/Versions/A/SystemConfiguration
0x000000000a42c000 	/usr/lib/libCRFSuite.dylib
0x000000000a42c000 	/usr/lib/libc++.1.dylib
0x000000000a42c000 	/usr/lib/libc++abi.dylib
0x000000000a42c000 	/usr/lib/system/libcache.dylib
0x000000000a42c000 	/usr/lib/system/libcommonCrypto.dylib
0x000000000a42c000 	/usr/lib/system/libcompiler_rt.dylib
0x000000000a42c000 	/usr/lib/system/libcopyfile.dylib
0x000000000a42c000 	/usr/lib/system/libcorecrypto.dylib
0x000000000a42c000 	/usr/lib/system/libdispatch.dylib
0x000000000a42c000 	/usr/lib/system/libdyld.dylib
0x000000000a42c000 	/usr/lib/system/libkeymgr.dylib
0x000000000a42c000 	/usr/lib/system/liblaunch.dylib
0x000000000a42c000 	/usr/lib/system/libmacho.dylib
0x000000000a42c000 	/usr/lib/system/libquarantine.dylib
0x000000000a42c000 	/usr/lib/system/libremovefile.dylib
0x000000000a42c000 	/usr/lib/system/libsystem_asl.dylib
0x000000000a42c000 	/usr/lib/system/libsystem_blocks.dylib
0x000000000a42c000 	/usr/lib/system/libsystem_c.dylib
0x000000000a42c000 	/usr/lib/system/libsystem_configuration.dylib
0x000000000a42c000 	/usr/lib/system/libsystem_coreservices.dylib
0x000000000a42c000 	/usr/lib/system/libsystem_coretls.dylib
0x000000000a42c000 	/usr/lib/system/libsystem_dnssd.dylib
0x000000000a42c000 	/usr/lib/system/libsystem_info.dylib
0x000000000a42c000 	/usr/lib/system/libsystem_kernel.dylib
0x000000000a42c000 	/usr/lib/system/libsystem_m.dylib
0x000000000a42c000 	/usr/lib/system/libsystem_malloc.dylib
0x000000000a42c000 	/usr/lib/system/libsystem_network.dylib
0x000000000a42c000 	/usr/lib/system/libsystem_networkextension.dylib
0x000000000a42c000 	/usr/lib/system/libsystem_notify.dylib
0x000000000a42c000 	/usr/lib/system/libsystem_platform.dylib
0x000000000a42c000 	/usr/lib/system/libsystem_pthread.dylib
0x000000000a42c000 	/usr/lib/system/libsystem_sandbox.dylib
0x000000000a42c000 	/usr/lib/system/libsystem_secinit.dylib
0x000000000a42c000 	/usr/lib/system/libsystem_trace.dylib
0x000000000a42c000 	/usr/lib/system/libunc.dylib
0x000000000a42c000 	/usr/lib/system/libunwind.dylib
0x000000000a42c000 	/usr/lib/system/libxpc.dylib
0x000000000a42c000 	/usr/lib/libenergytrace.dylib
0x000000000a42c000 	/usr/lib/libbsm.0.dylib
0x000000000a42c000 	/usr/lib/system/libkxld.dylib
0x000000000a42c000 	/usr/lib/libxar.1.dylib
0x000000000a42c000 	/usr/lib/libsqlite3.dylib
0x000000000a42c000 	/usr/lib/libpam.2.dylib
0x000000000a42c000 	/usr/lib/libOpenScriptingUtil.dylib
0x000000000a42c000 	/usr/lib/libbz2.1.0.dylib
0x000000000a42c000 	/usr/lib/liblzma.5.dylib
0x000000000a42c000 	/System/Library/Frameworks/CoreServices.framework/Versions/A/Frameworks/FSEvents.framework/Versions/A/FSEvents
0x000000000a42c000 	/System/Library/Frameworks/CoreServices.framework/Versions/A/Frameworks/CarbonCore.framework/Versions/A/CarbonCore
0x000000000a42c000 	/System/Library/Frameworks/CoreServices.framework/Versions/A/Frameworks/Metadata.framework/Versions/A/Metadata
0x000000000a42c000 	/System/Library/Frameworks/CoreServices.framework/Versions/A/Frameworks/OSServices.framework/Versions/A/OSServices
0x000000000a42c000 	/System/Library/Frameworks/CoreServices.framework/Versions/A/Frameworks/SearchKit.framework/Versions/A/SearchKit
0x000000000a42c000 	/System/Library/Frameworks/CoreServices.framework/Versions/A/Frameworks/AE.framework/Versions/A/AE
0x000000000a42c000 	/System/Library/Frameworks/CoreServices.framework/Versions/A/Frameworks/LaunchServices.framework/Versions/A/LaunchServices
0x000000000a42c000 	/System/Library/Frameworks/CoreServices.framework/Versions/A/Frameworks/DictionaryServices.framework/Versions/A/DictionaryServices
0x000000000a42c000 	/System/Library/Frameworks/CoreServices.framework/Versions/A/Frameworks/SharedFileList.framework/Versions/A/SharedFileList
0x000000000a42c000 	/System/Library/Frameworks/NetFS.framework/Versions/A/NetFS
0x000000000a42c000 	/System/Library/PrivateFrameworks/NetAuth.framework/Versions/A/NetAuth
0x000000000a42c000 	/System/Library/PrivateFrameworks/login.framework/Versions/A/Frameworks/loginsupport.framework/Versions/A/loginsupport
0x000000000a42c000 	/System/Library/PrivateFrameworks/TCC.framework/Versions/A/TCC
0x000000000a42c000 	/usr/lib/libmecabra.dylib
0x000000000a42c000 	/System/Library/Frameworks/ApplicationServices.framework/Versions/A/Frameworks/ATS.framework/Versions/A/ATS
0x000000000a42c000 	/System/Library/Frameworks/ApplicationServices.framework/Versions/A/Frameworks/ColorSync.framework/Versions/A/ColorSync
0x000000000a42c000 	/System/Library/Frameworks/ApplicationServices.framework/Versions/A/Frameworks/HIServices.framework/Versions/A/HIServices
0x000000000a42c000 	/System/Library/Frameworks/ApplicationServices.framework/Versions/A/Frameworks/LangAnalysis.framework/Versions/A/LangAnalysis
0x000000000a42c000 	/System/Library/Frameworks/ApplicationServices.framework/Versions/A/Frameworks/PrintCore.framework/Versions/A/PrintCore
0x000000000a42c000 	/System/Library/Frameworks/ApplicationServices.framework/Versions/A/Frameworks/QD.framework/Versions/A/QD
0x000000000a42c000 	/System/Library/Frameworks/ApplicationServices.framework/Versions/A/Frameworks/SpeechSynthesis.framework/Versions/A/SpeechSynthesis
0x000000000a42c000 	/System/Library/Frameworks/Metal.framework/Versions/A/Metal
0x000000000a42c000 	/System/Library/Frameworks/Accelerate.framework/Versions/A/Frameworks/vImage.framework/Versions/A/vImage
0x000000000a42c000 	/System/Library/Frameworks/Accelerate.framework/Versions/A/Frameworks/vecLib.framework/Versions/A/vecLib
0x000000000a42c000 	/System/Library/Frameworks/Accelerate.framework/Versions/A/Frameworks/vecLib.framework/Versions/A/libvDSP.dylib
0x000000000a42c000 	/System/Library/Frameworks/Accelerate.framework/Versions/A/Frameworks/vecLib.framework/Versions/A/libvMisc.dylib
0x000000000a42c000 	/System/Library/Frameworks/Accelerate.framework/Versions/A/Frameworks/vecLib.framework/Versions/A/libLAPACK.dylib
0x000000000a42c000 	/System/Library/Frameworks/Accelerate.framework/Versions/A/Frameworks/vecLib.framework/Versions/A/libBLAS.dylib
0x000000000a42c000 	/System/Library/Frameworks/Accelerate.framework/Versions/A/Frameworks/vecLib.framework/Versions/A/libLinearAlgebra.dylib
0x000000000a42c000 	/System/Library/Frameworks/Accelerate.framework/Versions/A/Frameworks/vecLib.framework/Versions/A/libSparseBLAS.dylib
0x000000000a42c000 	/System/Library/PrivateFrameworks/GPUCompiler.framework/libmetal_timestamp.dylib
0x000000000a42c000 	/System/Library/Frameworks/OpenGL.framework/Versions/A/Libraries/libCoreFSCache.dylib
0x000000000a42c000 	/System/Library/PrivateFrameworks/IOAccelerator.framework/Versions/A/IOAccelerator
0x000000000a42c000 	/System/Library/Frameworks/ApplicationServices.framework/Versions/A/Frameworks/ATS.framework/Versions/A/Resources/libFontParser.dylib
0x000000000a42c000 	/System/Library/Frameworks/ApplicationServices.framework/Versions/A/Frameworks/ATS.framework/Versions/A/Resources/libFontRegistry.dylib
0x000000000a42c000 	/System/Library/PrivateFrameworks/AppleVPA.framework/Versions/A/AppleVPA
0x000000000a42c000 	/System/Library/PrivateFrameworks/AppleJPEG.framework/Versions/A/AppleJPEG
0x000000000a42c000 	/System/Library/Frameworks/ImageIO.framework/Versions/A/Resources/libJPEG.dylib
0x000000000a42c000 	/System/Library/Frameworks/ImageIO.framework/Versions/A/Resources/libTIFF.dylib
0x000000000a42c000 	/System/Library/Frameworks/ImageIO.framework/Versions/A/Resources/libPng.dylib
0x000000000a42c000 	/System/Library/Frameworks/ImageIO.framework/Versions/A/Resources/libGIF.dylib
0x000000000a42c000 	/System/Library/Frameworks/ImageIO.framework/Versions/A/Resources/libJP2.dylib
0x000000000a42c000 	/System/Library/Frameworks/ImageIO.framework/Versions/A/Resources/libRadiance.dylib
0x000000000a42c000 	/System/Library/Frameworks/CoreVideo.framework/Versions/A/CoreVideo
0x000000000a42c000 	/System/Library/Frameworks/OpenGL.framework/Versions/A/Libraries/libGLU.dylib
0x000000000a42c000 	/System/Library/Frameworks/OpenGL.framework/Versions/A/Libraries/libGFXShared.dylib
0x000000000a42c000 	/System/Library/Frameworks/OpenGL.framework/Versions/A/Libraries/libGL.dylib
0x000000000a42c000 	/System/Library/Frameworks/OpenGL.framework/Versions/A/Libraries/libGLImage.dylib
0x000000000a42c000 	/System/Library/Frameworks/OpenGL.framework/Versions/A/Libraries/libCVMSPluginSupport.dylib
0x000000000a42c000 	/System/Library/Frameworks/OpenGL.framework/Versions/A/Libraries/libCoreVMClient.dylib
0x000000000a42c000 	/usr/lib/libcups.2.dylib
0x000000000a42c000 	/System/Library/Frameworks/Kerberos.framework/Versions/A/Kerberos
0x000000000a42c000 	/System/Library/Frameworks/GSS.framework/Versions/A/GSS
0x000000000a42c000 	/usr/lib/libresolv.9.dylib
0x000000000a42c000 	/usr/lib/libiconv.2.dylib
0x000000000a42c000 	/System/Library/PrivateFrameworks/Heimdal.framework/Versions/A/Heimdal
0x000000000a42c000 	/usr/lib/libheimdal-asn1.dylib
0x000000000a42c000 	/System/Library/Frameworks/OpenDirectory.framework/Versions/A/OpenDirectory
0x000000000a42c000 	/System/Library/PrivateFrameworks/CommonAuth.framework/Versions/A/CommonAuth
0x000000000a42c000 	/System/Library/Frameworks/OpenDirectory.framework/Versions/A/Frameworks/CFOpenDirectory.framework/Versions/A/CFOpenDirectory
0x000000000a42c000 	/System/Library/Frameworks/SecurityFoundation.framework/Versions/A/SecurityFoundation
0x000000000a42c000 	/System/Library/PrivateFrameworks/LanguageModeling.framework/Versions/A/LanguageModeling
0x000000000a42c000 	/usr/lib/libmarisa.dylib
0x000000000a42c000 	/usr/lib/libChineseTokenizer.dylib
0x000000000a42c000 	/usr/lib/libcmph.dylib
0x000000000a42c000 	/usr/lib/libcompression.dylib
0x000000000a42c000 	/System/Library/Frameworks/ServiceManagement.framework/Versions/A/ServiceManagement
0x000000000a42c000 	/usr/lib/libxslt.1.dylib
0x000000000a42c000 	/System/Library/Frameworks/Carbon.framework/Versions/A/Frameworks/Ink.framework/Versions/A/Ink
0x000000000a42c000 	/usr/lib/libFosl_dynamic.dylib
0x000000000a42c000 	/System/Library/PrivateFrameworks/FaceCore.framework/Versions/A/FaceCore
0x000000000a42c000 	/System/Library/Frameworks/OpenCL.framework/Versions/A/OpenCL
0x000000000a42c000 	/System/Library/PrivateFrameworks/CrashReporterSupport.framework/Versions/A/CrashReporterSupport
0x000000000a42c000 	/System/Library/PrivateFrameworks/IconServices.framework/Versions/A/IconServices
0x000000000a42c000 	/System/Library/PrivateFrameworks/Apple80211.framework/Versions/A/Apple80211
0x000000000a42c000 	/System/Library/Frameworks/CoreWLAN.framework/Versions/A/CoreWLAN
0x000000000a42c000 	/System/Library/Frameworks/IOBluetooth.framework/Versions/A/IOBluetooth
0x000000000a42c000 	/System/Library/PrivateFrameworks/CoreWiFi.framework/Versions/A/CoreWiFi
0x000000000a42c000 	/System/Library/Frameworks/CoreBluetooth.framework/Versions/A/CoreBluetooth
0x000000000a42c000 	/System/Library/PrivateFrameworks/ChunkingLibrary.framework/Versions/A/ChunkingLibrary
0x000000000a42c000 	/System/Library/PrivateFrameworks/DebugSymbols.framework/Versions/A/DebugSymbols
0x000000000a42c000 	/System/Library/PrivateFrameworks/CoreSymbolication.framework/Versions/A/CoreSymbolication
0x000000000a42c000 	/System/Library/PrivateFrameworks/Symbolication.framework/Versions/A/Symbolication
0x000000000a42c000 	/System/Library/PrivateFrameworks/SpeechRecognitionCore.framework/Versions/A/SpeechRecognitionCore
0x000000010ac00000 	/Library/Java/JavaVirtualMachines/jdk1.8.0_05.jdk/Contents/Home/jre/lib/server/libjvm.dylib
0x000000000a42c000 	/usr/lib/libstdc++.6.dylib
0x000000010a2b3000 	/Library/Java/JavaVirtualMachines/jdk1.8.0_05.jdk/Contents/Home/jre/lib/libverify.dylib
0x000000010a2c1000 	/Library/Java/JavaVirtualMachines/jdk1.8.0_05.jdk/Contents/Home/jre/lib/libjava.dylib
0x000000010a2ff000 	/Library/Java/JavaVirtualMachines/jdk1.8.0_05.jdk/Contents/Home/jre/lib/libzip.dylib
0x0000000125dff000 	/System/Library/Frameworks/JavaVM.framework/Frameworks/JavaRuntimeSupport.framework/JavaRuntimeSupport
0x0000000125e1a000 	/System/Library/Frameworks/JavaVM.framework/Versions/A/Frameworks/JavaNativeFoundation.framework/Versions/A/JavaNativeFoundation
0x0000000125e2f000 	/System/Library/Frameworks/JavaVM.framework/Versions/A/JavaVM
0x000000000a42c000 	/System/Library/Frameworks/Carbon.framework/Versions/A/Carbon
0x0000000125e3c000 	/System/Library/PrivateFrameworks/JavaLaunching.framework/Versions/A/JavaLaunching
0x000000000a42c000 	/System/Library/Frameworks/Carbon.framework/Versions/A/Frameworks/CommonPanels.framework/Versions/A/CommonPanels
0x000000000a42c000 	/System/Library/Frameworks/Carbon.framework/Versions/A/Frameworks/Help.framework/Versions/A/Help
0x000000000a42c000 	/System/Library/Frameworks/Carbon.framework/Versions/A/Frameworks/ImageCapture.framework/Versions/A/ImageCapture
0x000000000a42c000 	/System/Library/Frameworks/Carbon.framework/Versions/A/Frameworks/OpenScripting.framework/Versions/A/OpenScripting
0x000000000a42c000 	/System/Library/Frameworks/Carbon.framework/Versions/A/Frameworks/Print.framework/Versions/A/Print
0x000000000a42c000 	/System/Library/Frameworks/Carbon.framework/Versions/A/Frameworks/SecurityHI.framework/Versions/A/SecurityHI
0x0000000127923000 	/Applications/IntelliJ IDEA 15 CE.app/Contents/bin/libbreakgen64.jnilib
0x0000000127926000 	/Library/Java/JavaVirtualMachines/jdk1.8.0_05.jdk/Contents/Home/jre/lib/libnet.dylib
0x0000000127c3e000 	/Library/Java/JavaVirtualMachines/jdk1.8.0_05.jdk/Contents/Home/jre/lib/libawt.dylib
0x0000000127ced000 	/Library/Java/JavaVirtualMachines/jdk1.8.0_05.jdk/Contents/Home/jre/lib/./libmlib_image.dylib
0x0000000127db9000 	/Library/Java/JavaVirtualMachines/jdk1.8.0_05.jdk/Contents/Home/jre/lib/libawt_lwawt.dylib
0x0000000127a4d000 	/Library/Java/JavaVirtualMachines/jdk1.8.0_05.jdk/Contents/Home/jre/lib/./libosxapp.dylib
0x000000000a42c000 	/System/Library/Frameworks/ExceptionHandling.framework/Versions/A/ExceptionHandling
0x000000000a42c000 	/System/Library/PrivateFrameworks/CoreServicesInternal.framework/Versions/A/CoreServicesInternal
0x000000000a42c000 	/System/Library/Frameworks/CoreGraphics.framework/Versions/A/Resources/libRIP.A.dylib
0x000000000a42c000 	/System/Library/Frameworks/Accelerate.framework/Versions/A/Frameworks/vImage.framework/Versions/A/Libraries/libCGInterfaces.dylib
0x000000000a42c000 	/System/Library/Frameworks/CoreGraphics.framework/Versions/A/Resources/libCGXType.A.dylib
0x000000000a42c000 	/System/Library/Frameworks/OpenCL.framework/Versions/A/Libraries/libcldcpuengine.dylib
0x000000000a42c000 	/System/Library/PrivateFrameworks/DiskImages.framework/Versions/A/DiskImages
0x000000000a42c000 	/System/Library/Frameworks/DiscRecording.framework/Versions/A/DiscRecording
0x000000000a42c000 	/usr/lib/libcsfde.dylib
0x000000000a42c000 	/usr/lib/libcurl.4.dylib
0x000000000a42c000 	/System/Library/PrivateFrameworks/MediaKit.framework/Versions/A/MediaKit
0x000000000a42c000 	/System/Library/PrivateFrameworks/ProtectedCloudStorage.framework/Versions/A/ProtectedCloudStorage
0x000000000a42c000 	/usr/lib/libCoreStorage.dylib
0x000000000a42c000 	/System/Library/PrivateFrameworks/EFILogin.framework/Versions/A/EFILogin
0x000000000a42c000 	/usr/lib/libutil.dylib
0x000000000a42c000 	/System/Library/PrivateFrameworks/FindMyDevice.framework/Versions/A/FindMyDevice
0x000000000a42c000 	/System/Library/Frameworks/LDAP.framework/Versions/A/LDAP
0x000000000a42c000 	/usr/lib/libsasl2.2.dylib
0x000000000a42c000 	/System/Library/PrivateFrameworks/CoreDaemon.framework/Versions/B/CoreDaemon
0x000000000a42c000 	/usr/lib/libcrypto.0.9.8.dylib
0x000000000a42c000 	/System/Library/PrivateFrameworks/AppleSRP.framework/Versions/A/AppleSRP
0x000000000a42c000 	/System/Library/PrivateFrameworks/TrustEvaluationAgent.framework/Versions/A/TrustEvaluationAgent
0x0000000128201000 	cl_kernels
0x000000000a42c000 	/System/Library/Frameworks/OpenCL.framework/Versions/A/Libraries/ImageFormats/unorm8_bgra.dylib
0x000000000a42c000 	/System/Library/Frameworks/OpenCL.framework/Versions/A/Libraries/ImageFormats/unorm8_rgba.dylib
0x000000000a42c000 	/System/Library/PrivateFrameworks/FamilyControls.framework/Versions/A/FamilyControls
0x000000000a42c000 	/System/Library/PrivateFrameworks/CommerceKit.framework/Versions/A/Frameworks/CommerceCore.framework/Versions/A/CommerceCore
0x000000000a42c000 	/System/Library/PrivateFrameworks/SystemAdministration.framework/Versions/A/SystemAdministration
0x000000000a42c000 	/System/Library/PrivateFrameworks/AppContainer.framework/Versions/A/AppContainer
0x000000000a42c000 	/System/Library/PrivateFrameworks/SecCodeWrapper.framework/Versions/A/SecCodeWrapper
0x000000000a42c000 	/System/Library/Frameworks/DirectoryService.framework/Versions/A/DirectoryService
0x000000000a42c000 	/System/Library/PrivateFrameworks/LoginUIKit.framework/Versions/A/Frameworks/LoginUICore.framework/Versions/A/LoginUICore
0x000000000a42c000 	/usr/lib/libodfde.dylib
0x000000000a42c000 	/System/Library/Frameworks/OpenGL.framework/Versions/A/Resources/GLEngine.bundle/GLEngine
0x000000000a42c000 	/System/Library/Frameworks/OpenGL.framework/Versions/A/Libraries/libGLProgrammability.dylib
0x000000012b16b000 	/System/Library/Extensions/AppleIntelHD5000GraphicsGLDriver.bundle/Contents/MacOS/AppleIntelHD5000GraphicsGLDriver
0x000000000a42c000 	/System/Library/PrivateFrameworks/GPUSupport.framework/Versions/A/Libraries/libGPUSupportMercury.dylib
0x000000000a42c000 	/System/Library/Frameworks/OpenGL.framework/Versions/A/Resources/GLRendererFloat.bundle/GLRendererFloat
0x000000012c0a7000 	/Library/Java/JavaVirtualMachines/jdk1.8.0_05.jdk/Contents/Home/jre/lib/libfontmanager.dylib
0x000000012823a000 	/Library/Java/JavaVirtualMachines/jdk1.8.0_05.jdk/Contents/Home/jre/lib/libosxui.dylib
0x000000012e0c0000 	/Library/Java/JavaVirtualMachines/jdk1.8.0_05.jdk/Contents/Home/jre/lib/libnio.dylib
0x000000012fe73000 	/System/Library/Extensions/AppleIntelHD5000GraphicsMTLDriver.bundle/Contents/MacOS/AppleIntelHD5000GraphicsMTLDriver

VM Arguments:
jvm_args: -Didea.launcher.port=7532 -Didea.launcher.bin.path=/Applications/IntelliJ IDEA 15 CE.app/Contents/bin -Dfile.encoding=UTF-8 
java_command: com.intellij.rt.execution.application.AppMain com.rl.LLSarsa
java_class_path (initial): /Library/Java/JavaVirtualMachines/jdk1.8.0_05.jdk/Contents/Home/jre/lib/charsets.jar:/Library/Java/JavaVirtualMachines/jdk1.8.0_05.jdk/Contents/Home/jre/lib/deploy.jar:/Library/Java/JavaVirtualMachines/jdk1.8.0_05.jdk/Contents/Home/jre/lib/ext/cldrdata.jar:/Library/Java/JavaVirtualMachines/jdk1.8.0_05.jdk/Contents/Home/jre/lib/ext/dnsns.jar:/Library/Java/JavaVirtualMachines/jdk1.8.0_05.jdk/Contents/Home/jre/lib/ext/jfxrt.jar:/Library/Java/JavaVirtualMachines/jdk1.8.0_05.jdk/Contents/Home/jre/lib/ext/localedata.jar:/Library/Java/JavaVirtualMachines/jdk1.8.0_05.jdk/Contents/Home/jre/lib/ext/nashorn.jar:/Library/Java/JavaVirtualMachines/jdk1.8.0_05.jdk/Contents/Home/jre/lib/ext/sunec.jar:/Library/Java/JavaVirtualMachines/jdk1.8.0_05.jdk/Contents/Home/jre/lib/ext/sunjce_provider.jar:/Library/Java/JavaVirtualMachines/jdk1.8.0_05.jdk/Contents/Home/jre/lib/ext/sunpkcs11.jar:/Library/Java/JavaVirtualMachines/jdk1.8.0_05.jdk/Contents/Home/jre/lib/ext/zipfs.jar:/Library/Java/JavaVirtualMachines/jdk1.8.0_05.jdk/Contents/Home/jre/lib/htmlconverter.jar:/Library/Java/JavaVirtualMachines/jdk1.8.0_05.jdk/Contents/Home/jre/lib/javaws.jar:/Library/Java/JavaVirtualMachines/jdk1.8.0_05.jdk/Contents/Home/jre/lib/jce.jar:/Library/Java/JavaVirtualMachines/jdk1.8.0_05.jdk/Contents/Home/jre/lib/jfr.jar:/Library/Java/JavaVirtualMachines/jdk1.8.0_05.jdk/Contents/Home/jre/lib/jfxswt.jar:/Library/Java/JavaVirtualMachines/jdk1.8.0_05.jdk/Contents/Home/jre/lib/jsse.jar:/Library/Java/JavaVirtualMachines/jdk1.8.0_05.jdk/Contents/Home/jre/lib/management-agent.jar:/Library/Java/JavaVirtualMachines/jdk1.8.0_05.jdk/Contents/Home/jre/lib/plugin.jar:/Library/Java/JavaVirtualMachines/jdk1.8.0_05.jdk/Contents/Home/jre/lib/resources.jar:/Library/Java/JavaVirtualMachines/jdk1.8.0_05.jdk/Contents/Home/jre/lib/rt.jar:/Library/Java/JavaVirtualMachines/jdk1.8.0_05.jdk/Contents/Home/lib/ant-javafx.jar:/Library/Java/JavaVirtualMachines/jdk1.8.0_05.jdk/Contents/Home/lib/dt.jar:/Library/
Launcher Type: SUN_STANDARD

Environment Variables:
PATH=/Users/arjunkarpur/.rvm/gems/ruby-2.2.0/bin:/Users/arjunkarpur/.rvm/gems/ruby-2.2.0@global/bin:/Users/arjunkarpur/.rvm/rubies/ruby-2.2.0/bin:/Users/arjunkarpur/bin:/usr/bin:/bin:/usr/sbin:/sbin:/usr/local/bin:/Users/arjunkarpur/Android/sdk/platform-tools:/Users/arjunkarpur/Android/sdk/tools:/opt/X11/bin:/usr/texbin:/Applications/MATLAB_R2015a.app/bin:/Users/arjunkarpur/.rvm/bin
SHELL=/bin/bash
DISPLAY=/private/tmp/com.apple.launchd.9A1hdu1S70/org.macosforge.xquartz:0

Signal Handlers:
SIGSEGV: [libjvm.dylib+0x55f7df], sa_mask[0]=0xfffefeff, sa_flags=0x00000043
SIGBUS: [libjvm.dylib+0x55f7df], sa_mask[0]=0xfffefeff, sa_flags=0x00000042
SIGFPE: [libjvm.dylib+0x442cfa], sa_mask[0]=0xfffefeff, sa_flags=0x00000042
SIGPIPE: [libjvm.dylib+0x442cfa], sa_mask[0]=0xfffefeff, sa_flags=0x00000042
SIGXFSZ: [libjvm.dylib+0x442cfa], sa_mask[0]=0xfffefeff, sa_flags=0x00000042
SIGILL: [libjvm.dylib+0x442cfa], sa_mask[0]=0xfffefeff, sa_flags=0x00000042
SIGUSR1: SIG_DFL, sa_mask[0]=0x00000000, sa_flags=0x00000000
SIGUSR2: [libjvm.dylib+0x442818], sa_mask[0]=0x00000004, sa_flags=0x00000042
SIGHUP: [libjvm.dylib+0x440ba5], sa_mask[0]=0xfffefeff, sa_flags=0x00000042
SIGINT: [libjvm.dylib+0x440ba5], sa_mask[0]=0xfffefeff, sa_flags=0x00000042
SIGTERM: [libjvm.dylib+0x440ba5], sa_mask[0]=0xfffefeff, sa_flags=0x00000042
SIGQUIT: [libjvm.dylib+0x440ba5], sa_mask[0]=0xfffefeff, sa_flags=0x00000042


---------------  S Y S T E M  ---------------

OS:Bsduname:Darwin 15.0.0 Darwin Kernel Version 15.0.0: Sat Sep 19 15:53:46 PDT 2015; root:xnu-3247.10.11~1/RELEASE_X86_64 x86_64
rlimit: STACK 8192k, CORE 0k, NPROC 709, NOFILE 10240, AS infinity
load average:4.09 3.54 3.09

CPU:total 4 (2 cores per cpu, 2 threads per core) family 6 model 69 stepping 1, cmov, cx8, fxsr, mmx, sse, sse2, sse3, ssse3, sse4.1, sse4.2, popcnt, avx, avx2, aes, clmul, erms, ht, tsc, tscinvbit

Memory: 4k page, physical 16777216k(3149840k free)

/proc/meminfo:


vm_info: Java HotSpot(TM) 64-Bit Server VM (25.5-b02) for bsd-amd64 JRE (1.8.0_05-b13), built on Mar 18 2014 00:36:13 by "java_re" with gcc 4.2.1 (Based on Apple Inc. build 5658) (LLVM build 2336.11.00)

time: Wed Nov 11 16:22:11 2015
elapsed time: 45 seconds

